<?xml version="1.0" encoding="UTF-8"?>
<!-- Generated by org.testng.reporters.JUnitReportReporter -->
<testsuite hostname="LAPTOP-OSSSU5EG" failures="0" tests="1" name="package1.project1.TestCase1_LoginToAmazon" time="45.711" errors="0" timestamp="2025-10-25T21:56:13 IST" skipped="0">
  <testcase classname="package1.project1.TestCase1_LoginToAmazon" name="withValidCrede" time="45.711">
    <system-out>
      <![CDATA[From Home Page-Hoverover on Accounts and List->Click on SignIn
Login was successful with valid username and vailid password
Testcase is pass- Listeners logic is started
Screenshot is completed]]>
    </system-out>
  </testcase> <!-- withValidCrede -->
  <system-out>
    <![CDATA[Chrome browser is launched
Launching Amazon home page
From Home Page-Hoverover on Accounts and List->Click on SignIn
Login was successful with valid username and vailid password
Testcase is pass- Listeners logic is started
Screenshot is completed
browser quits]]>
  </system-out>
</testsuite> <!-- package1.project1.TestCase1_LoginToAmazon -->
